<?xml version="1.0" encoding="UTF-8"?>
<!-- Generated by org.testng.reporters.JUnitReportReporter -->
<testsuite hostname="DESKTOP-G8IB09C" failures="0" tests="1" name="driverFactory.DriverScript" time="26.180" errors="0" timestamp="2023-01-19T14:12:38 IST" skipped="0">
  <testcase classname="driverFactory.DriverScript" name="Starttest" time="26.180"/>
  <system-out>
    <![CDATA[no of rows are10
Login succes  dashboard     http://orangehrm.qedgetech.com/symfony/web/index.php/dashboard
Invalid credentials    dashboard     http://orangehrm.qedgetech.com/symfony/web/index.php/auth/validateCredentials
Invalid credentials    dashboard     http://orangehrm.qedgetech.com/symfony/web/index.php/auth/validateCredentials
Login succes  dashboard     http://orangehrm.qedgetech.com/symfony/web/index.php/dashboard
Username cannot be empty    dashboard     http://orangehrm.qedgetech.com/symfony/web/index.php/auth/login
Login succes  dashboard     http://orangehrm.qedgetech.com/symfony/web/index.php/dashboard
Password cannot be empty    dashboard     http://orangehrm.qedgetech.com/symfony/web/index.php/auth/login
Login succes  dashboard     http://orangehrm.qedgetech.com/symfony/web/index.php/dashboard
Username cannot be empty    dashboard     http://orangehrm.qedgetech.com/symfony/web/index.php/auth/login
Login succes  dashboard     http://orangehrm.qedgetech.com/symfony/web/index.php/dashboard]]>
  </system-out>
</testsuite> <!-- driverFactory.DriverScript -->
